<?xml version="1.0" encoding="UTF-8"?>
<testsuite xmlns:xsi="http://www.w3.org/2001/XMLSchema-instance" xsi:noNamespaceSchemaLocation="https://maven.apache.org/surefire/maven-surefire-plugin/xsd/surefire-test-report-3.0.xsd" version="3.0" name="com.stock.project.BackendStockProjectApplicationTests" time="24.976" tests="1" errors="0" skipped="0" failures="0">
  <properties>
[...]
</properties>
  <testcase name="contextLoads" classname="com.stock.project.BackendStockProjectApplicationTests" time="1.391">
    <system-out><![CDATA[19:27:43.764 [main] INFO org.springframework.test.context.support.AnnotationConfigContextLoaderUtils -- Could not detect default configuration classes for test class [com.stock.project.BackendStockProjectApplicationTests]: BackendStockProjectApplicationTests does not declare any static, non-private, non-final, nested classes annotated with @Configuration.
19:27:44.061 [main] INFO org.springframework.boot.test.context.SpringBootTestContextBootstrapper -- Found @SpringBootConfiguration com.stock.project.BackendStockProjectApplication for test class com.stock.project.BackendStockProjectApplicationTests

  .   ____          _            __ _ _
 /\\ / ___'_ __ _ _(_)_ __  __ _ \ \ \ \
( ( )\___ | '_ | '_| | '_ \/ _` | \ \ \ \
 \\/  ___)| |_)| | | | | || (_| |  ) ) ) )
  '  |____| .__|_| |_|_| |_\__, | / / / /
 =========|_|==============|___/=/_/_/_/
 :: Spring Boot ::                (v3.2.0)

2023-11-30T19:27:45.336+05:30  INFO 10684 --- [           main] .s.p.BackendStockProjectApplicationTests : Starting BackendStockProjectApplicationTests using Java 21.0.1 with PID 10684 (started by DELL in D:\STOCK PROJECT\backend-stock-project)
2023-11-30T19:27:45.341+05:30  INFO 10684 --- [           main] .s.p.BackendStockProjectApplicationTests : No active profile set, falling back to 1 default profile: "default"
2023-11-30T19:27:47.174+05:30  INFO 10684 --- [           main] .s.d.r.c.RepositoryConfigurationDelegate : Bootstrapping Spring Data JPA repositories in DEFAULT mode.
2023-11-30T19:27:47.390+05:30  INFO 10684 --- [           main] .s.d.r.c.RepositoryConfigurationDelegate : Finished Spring Data repository scanning in 180 ms. Found 4 JPA repository interfaces.
2023-11-30T19:27:48.887+05:30  INFO 10684 --- [           main] o.hibernate.jpa.internal.util.LogHelper  : HHH000204: Processing PersistenceUnitInfo [name: default]
2023-11-30T19:27:49.155+05:30  INFO 10684 --- [           main] org.hibernate.Version                    : HHH000412: Hibernate ORM core version 6.3.1.Final
2023-11-30T19:27:49.286+05:30  INFO 10684 --- [           main] o.h.c.internal.RegionFactoryInitiator    : HHH000026: Second-level cache disabled
2023-11-30T19:27:50.125+05:30  INFO 10684 --- [           main] o.s.o.j.p.SpringPersistenceUnitInfo      : No LoadTimeWeaver setup: ignoring JPA class transformer
2023-11-30T19:27:50.211+05:30  INFO 10684 --- [           main] com.zaxxer.hikari.HikariDataSource       : HikariPool-1 - Starting...
2023-11-30T19:27:53.217+05:30  INFO 10684 --- [           main] com.zaxxer.hikari.pool.HikariPool        : HikariPool-1 - Added connection org.postgresql.jdbc.PgConnection@2084e65a
2023-11-30T19:27:53.224+05:30  INFO 10684 --- [           main] com.zaxxer.hikari.HikariDataSource       : HikariPool-1 - Start completed.
2023-11-30T19:27:57.579+05:30  INFO 10684 --- [           main] o.h.e.t.j.p.i.JtaPlatformInitiator       : HHH000489: No JTA platform available (set 'hibernate.transaction.jta.platform' to enable JTA platform integration)
Hibernate: alter table if exists trade drop constraint if exists FKb0l0fiigufvsjae8elkq2fgpu
Hibernate: alter table if exists trade drop constraint if exists FKsem80m2qij8rci0c5nrmt3ga6
Hibernate: alter table if exists transactions drop constraint if exists FKa1fkld994q3po4mfcdq4l2qdp
Hibernate: alter table if exists transactions drop constraint if exists FK5jv3yg2j69501ssc7chrxaix3
Hibernate: alter table if exists transactions drop constraint if exists FKrtn3x6enkpcm9uhv2khlgf3it
Hibernate: drop table if exists stock cascade
Hibernate: drop table if exists trade cascade
Hibernate: drop table if exists transactions cascade
Hibernate: drop table if exists users cascade
Hibernate: drop sequence if exists stock_sequence
Hibernate: drop sequence if exists trade_sequence
Hibernate: drop sequence if exists user_sequence
Hibernate: create sequence stock_sequence start with 1 increment by 1
Hibernate: create sequence trade_sequence start with 1 increment by 1
Hibernate: create sequence user_sequence start with 1 increment by 1
Hibernate: create table stock (stock_id bigint not null, stock varchar(255) unique, stock_name varchar(255), url varchar(255) unique, primary key (stock_id))
Hibernate: create table trade (trade_action smallint check (trade_action between 0 and 1), stock_id bigint, trade_id bigint not null, transaction_transaction_id bigint unique, primary key (trade_id))
Hibernate: create table transactions (type smallint check (type between 0 and 4), quantity bigint, trade_trade_id bigint unique, transaction_id bigint not null, transactions bigint, unit_cost bigint, user_user_id bigint, primary key (transaction_id))
Hibernate: create table users (phone_number bigint unique, user_id bigint not null, email varchar(255) unique, name varchar(255), password varchar(255), primary key (user_id))
Hibernate: alter table if exists trade add constraint FKb0l0fiigufvsjae8elkq2fgpu foreign key (stock_id) references stock
Hibernate: alter table if exists trade add constraint FKsem80m2qij8rci0c5nrmt3ga6 foreign key (transaction_transaction_id) references transactions
Hibernate: alter table if exists transactions add constraint FKa1fkld994q3po4mfcdq4l2qdp foreign key (trade_trade_id) references trade
Hibernate: alter table if exists transactions add constraint FK5jv3yg2j69501ssc7chrxaix3 foreign key (user_user_id) references users
Hibernate: alter table if exists transactions add constraint FKrtn3x6enkpcm9uhv2khlgf3it foreign key (transactions) references users
2023-11-30T19:28:03.304+05:30  INFO 10684 --- [           main] j.LocalContainerEntityManagerFactoryBean : Initialized JPA EntityManagerFactory for persistence unit 'default'
2023-11-30T19:28:05.440+05:30  WARN 10684 --- [           main] JpaBaseConfiguration$JpaWebConfiguration : spring.jpa.open-in-view is enabled by default. Therefore, database queries may be performed during view rendering. Explicitly configure spring.jpa.open-in-view to disable this warning
2023-11-30T19:28:06.693+05:30  INFO 10684 --- [           main] .s.p.BackendStockProjectApplicationTests : Started BackendStockProjectApplicationTests in 22.169 seconds (process running for 25.189)
]]></system-out>
    <system-err><![CDATA[WARNING: A Java agent has been loaded dynamically (C:\Users\DELL\.m2\repository\net\bytebuddy\byte-buddy-agent\1.14.10\byte-buddy-agent-1.14.10.jar)
WARNING: If a serviceability tool is in use, please run with -XX:+EnableDynamicAgentLoading to hide this warning
WARNING: If a serviceability tool is not in use, please run with -Djdk.instrument.traceUsage for more information
WARNING: Dynamic loading of agents will be disallowed by default in a future release
]]></system-err>
  </testcase>
</testsuite>